[2019-08-16 17:35:22][DEBUG][ERROR] : [Uncaught TypeError: Argument 1 passed to EasySwoole\Socket\Dispatcher::getController() must be of the type string, null given, called in /mnt/hgfs/www/chat/vendor/easyswoole/socket/src/Dispatcher.php on line 75 and defined in /mnt/hgfs/www/chat/vendor/easyswoole/socket/src/Dispatcher.php:156
Stack trace:
#0 /mnt/hgfs/www/chat/vendor/easyswoole/socket/src/Dispatcher.php(75): EasySwoole\Socket\Dispatcher->getController(NULL)
#1 /mnt/hgfs/www/chat/EasySwooleEvent.php(59): EasySwoole\Socket\Dispatcher->dispatch(Object(Swoole\WebSocket\Server), '{"class":"servi...', Object(Swoole\WebSocket\Frame))
#2 [internal function]: EasySwoole\EasySwoole\EasySwooleEvent::EasySwoole\EasySwoole\{closure}(Object(Swoole\WebSocket\Server), Object(Swoole\WebSocket\Frame))
#3 /mnt/hgfs/www/chat/vendor/easyswoole/easyswoole/src/ServerManager.php(114): call_user_func(Object(Closure), Object(Swoole\WebSocket\Server), Object(Swoole\WebSocket\Frame))
#4 {main}
  thrown at file:/mnt/hgfs/www/chat/vendor/easyswoole/socket/src/Dispatcher.php line:156]
[2019-08-16 17:36:00][DEBUG][ERROR] : [Uncaught TypeError: Argument 1 passed to EasySwoole\Socket\Dispatcher::getController() must be of the type string, null given, called in /mnt/hgfs/www/chat/vendor/easyswoole/socket/src/Dispatcher.php on line 75 and defined in /mnt/hgfs/www/chat/vendor/easyswoole/socket/src/Dispatcher.php:156
Stack trace:
#0 /mnt/hgfs/www/chat/vendor/easyswoole/socket/src/Dispatcher.php(75): EasySwoole\Socket\Dispatcher->getController(NULL)
#1 /mnt/hgfs/www/chat/EasySwooleEvent.php(59): EasySwoole\Socket\Dispatcher->dispatch(Object(Swoole\WebSocket\Server), '{"class":"servi...', Object(Swoole\WebSocket\Frame))
#2 [internal function]: EasySwoole\EasySwoole\EasySwooleEvent::EasySwoole\EasySwoole\{closure}(Object(Swoole\WebSocket\Server), Object(Swoole\WebSocket\Frame))
#3 /mnt/hgfs/www/chat/vendor/easyswoole/easyswoole/src/ServerManager.php(114): call_user_func(Object(Closure), Object(Swoole\WebSocket\Server), Object(Swoole\WebSocket\Frame))
#4 {main}
  thrown at file:/mnt/hgfs/www/chat/vendor/easyswoole/socket/src/Dispatcher.php line:156]
[2019-08-16 17:37:01][DEBUG][ERROR] : [Uncaught TypeError: Argument 1 passed to EasySwoole\Socket\Dispatcher::getController() must be of the type string, null given, called in /mnt/hgfs/www/chat/vendor/easyswoole/socket/src/Dispatcher.php on line 75 and defined in /mnt/hgfs/www/chat/vendor/easyswoole/socket/src/Dispatcher.php:156
Stack trace:
#0 /mnt/hgfs/www/chat/vendor/easyswoole/socket/src/Dispatcher.php(75): EasySwoole\Socket\Dispatcher->getController(NULL)
#1 /mnt/hgfs/www/chat/EasySwooleEvent.php(59): EasySwoole\Socket\Dispatcher->dispatch(Object(Swoole\WebSocket\Server), '{"class":"servi...', Object(Swoole\WebSocket\Frame))
#2 [internal function]: EasySwoole\EasySwoole\EasySwooleEvent::EasySwoole\EasySwoole\{closure}(Object(Swoole\WebSocket\Server), Object(Swoole\WebSocket\Frame))
#3 /mnt/hgfs/www/chat/vendor/easyswoole/easyswoole/src/ServerManager.php(114): call_user_func(Object(Closure), Object(Swoole\WebSocket\Server), Object(Swoole\WebSocket\Frame))
#4 {main}
  thrown at file:/mnt/hgfs/www/chat/vendor/easyswoole/socket/src/Dispatcher.php line:156]
[2019-08-16 17:46:35][DEBUG][ERROR] : [Class name must be a valid object or a string at file:/mnt/hgfs/www/chat/App/HttpController/User.php line:20]
[2019-08-16 18:04:37][DEBUG][NOTICE] : [Undefined offset: 7 at file:/mnt/hgfs/www/chat/App/Service/Chat.php line:111]
[2019-08-16 18:04:37][DEBUG][NOTICE] : [Undefined offset: 7 at file:/mnt/hgfs/www/chat/App/Service/Chat.php line:111]
[2019-08-16 18:04:37][DEBUG][NOTICE] : [Undefined offset: 6 at file:/mnt/hgfs/www/chat/App/Service/Chat.php line:112]
[2019-08-16 18:04:37][DEBUG][NOTICE] : [Undefined offset: 6 at file:/mnt/hgfs/www/chat/App/Service/Chat.php line:112]
[2019-08-16 18:04:38][DEBUG][ERROR] : [Uncaught EasySwoole\Mysqli\Exceptions\PrepareQueryFail: SQLSTATE[42S22] [1054] Unknown column 'unread_num' in 'field list' query: UPDATE bs_chat SET `last_uid` = ?, `last_msg` = ?, `last_time` = ?, `chat_type` = ?, `msg_type` = ?, `is_del` = ?, `unread_num` = unread_num+1 WHERE  chat_id = ?  AND uid = ?  in /mnt/hgfs/www/chat/vendor/easyswoole/mysqli/src/Mysqli.php:1574
Stack trace:
#0 /mnt/hgfs/www/chat/vendor/easyswoole/mysqli/src/Mysqli.php(1118): EasySwoole\Mysqli\Mysqli->prepareQuery()
#1 /mnt/hgfs/www/chat/vendor/easyswoole/mysqli/src/Mysqli.php(902): EasySwoole\Mysqli\Mysqli->buildQuery(NULL, Array)
#2 /mnt/hgfs/www/chat/App/Service/Chat.php(153): EasySwoole\Mysqli\Mysqli->update('bs_chat', Array)
#3 /mnt/hgfs/www/chat/App/WebSocket/Controller/Chat.php(113): App\Service\Chat->updateChat(Array)
#4 /mnt/hgfs/www/chat/App/WebSocket/Controller/Chat.php(42): App\WebSocket\Controller\Chat->singleMsg(Array)
#5 /mnt/hgfs/www/chat/vendor/easyswoole/socket/src/AbstractInterface/Controller.php(124): App\WebSocket at file:/mnt/hgfs/www/chat/vendor/easyswoole/mysqli/src/Mysqli.php line:1574]
[2019-08-16 18:07:34][DEBUG][NOTICE] : [Undefined offset: 7 at file:/mnt/hgfs/www/chat/App/Service/Chat.php line:111]
[2019-08-16 18:07:34][DEBUG][NOTICE] : [Undefined offset: 7 at file:/mnt/hgfs/www/chat/App/Service/Chat.php line:111]
[2019-08-16 18:07:34][DEBUG][NOTICE] : [Undefined offset: 7 at file:/mnt/hgfs/www/chat/App/Service/Chat.php line:112]
[2019-08-16 18:07:34][DEBUG][NOTICE] : [Undefined offset: 7 at file:/mnt/hgfs/www/chat/App/Service/Chat.php line:112]
[2019-08-19 11:00:57][DEBUG][ERROR] : [Uncaught Swoole\Exception: failed to listen server port[0.0.0.0:9504], Error: Address already in use[98] in /mnt/hgfs/www/chat/vendor/easyswoole/easyswoole/src/ServerManager.php:61
Stack trace:
#0 /mnt/hgfs/www/chat/vendor/easyswoole/easyswoole/src/ServerManager.php(61): Swoole\Server->__construct('0.0.0.0', 9504, 2, 1)
#1 /mnt/hgfs/www/chat/vendor/easyswoole/easyswoole/src/Core.php(115): EasySwoole\EasySwoole\ServerManager->createSwooleServer(9504, 3, '0.0.0.0', Array, 2, 1)
#2 /mnt/hgfs/www/chat/vendor/easyswoole/easyswoole/src/Command/DefaultCommand/Start.php(42): EasySwoole\EasySwoole\Core->createServer()
#3 /mnt/hgfs/www/chat/vendor/easyswoole/easyswoole/src/Command/CommandContainer.php(46): EasySwoole\EasySwoole\Command\DefaultCommand\Start->exec(Array)
#4 /mnt/hgfs/www/chat/vendor/easyswoole/easyswoole/src/Command/CommandRunner.php(50): EasySwoole\EasySwoole\Command\CommandContainer->hook('start', Array)
#5 /mnt/hgfs/www/chat/easyswoole(20): EasySwoole\EasySwoole\Command\CommandRunner->run(Array)
#6 {m at file:/mnt/hgfs/www/chat/vendor/easyswoole/easyswoole/src/ServerManager.php line:61]
[2019-08-19 12:01:19][DEBUG][ERROR] : [Uncaught TypeError: Argument 1 passed to EasySwoole\Socket\Dispatcher::getController() must be of the type string, null given, called in /mnt/hgfs/www/chat/vendor/easyswoole/socket/src/Dispatcher.php on line 75 and defined in /mnt/hgfs/www/chat/vendor/easyswoole/socket/src/Dispatcher.php:156
Stack trace:
#0 /mnt/hgfs/www/chat/vendor/easyswoole/socket/src/Dispatcher.php(75): EasySwoole\Socket\Dispatcher->getController(NULL)
#1 /mnt/hgfs/www/chat/EasySwooleEvent.php(59): EasySwoole\Socket\Dispatcher->dispatch(Object(Swoole\WebSocket\Server), 'pong', Object(Swoole\WebSocket\Frame))
#2 [internal function]: EasySwoole\EasySwoole\EasySwooleEvent::EasySwoole\EasySwoole\{closure}(Object(Swoole\WebSocket\Server), Object(Swoole\WebSocket\Frame))
#3 /mnt/hgfs/www/chat/vendor/easyswoole/easyswoole/src/ServerManager.php(114): call_user_func(Object(Closure), Object(Swoole\WebSocket\Server), Object(Swoole\WebSocket\Frame))
#4 {main}
  thrown at file:/mnt/hgfs/www/chat/vendor/easyswoole/socket/src/Dispatcher.php line:156]
[2019-08-19 12:01:27][DEBUG][ERROR] : [Uncaught TypeError: Argument 1 passed to EasySwoole\Socket\Dispatcher::getController() must be of the type string, null given, called in /mnt/hgfs/www/chat/vendor/easyswoole/socket/src/Dispatcher.php on line 75 and defined in /mnt/hgfs/www/chat/vendor/easyswoole/socket/src/Dispatcher.php:156
Stack trace:
#0 /mnt/hgfs/www/chat/vendor/easyswoole/socket/src/Dispatcher.php(75): EasySwoole\Socket\Dispatcher->getController(NULL)
#1 /mnt/hgfs/www/chat/EasySwooleEvent.php(59): EasySwoole\Socket\Dispatcher->dispatch(Object(Swoole\WebSocket\Server), 'pong', Object(Swoole\WebSocket\Frame))
#2 [internal function]: EasySwoole\EasySwoole\EasySwooleEvent::EasySwoole\EasySwoole\{closure}(Object(Swoole\WebSocket\Server), Object(Swoole\WebSocket\Frame))
#3 /mnt/hgfs/www/chat/vendor/easyswoole/easyswoole/src/ServerManager.php(114): call_user_func(Object(Closure), Object(Swoole\WebSocket\Server), Object(Swoole\WebSocket\Frame))
#4 {main}
  thrown at file:/mnt/hgfs/www/chat/vendor/easyswoole/socket/src/Dispatcher.php line:156]
[2019-08-19 12:01:33][DEBUG][ERROR] : [Uncaught TypeError: Argument 1 passed to EasySwoole\Socket\Dispatcher::getController() must be of the type string, null given, called in /mnt/hgfs/www/chat/vendor/easyswoole/socket/src/Dispatcher.php on line 75 and defined in /mnt/hgfs/www/chat/vendor/easyswoole/socket/src/Dispatcher.php:156
Stack trace:
#0 /mnt/hgfs/www/chat/vendor/easyswoole/socket/src/Dispatcher.php(75): EasySwoole\Socket\Dispatcher->getController(NULL)
#1 /mnt/hgfs/www/chat/EasySwooleEvent.php(59): EasySwoole\Socket\Dispatcher->dispatch(Object(Swoole\WebSocket\Server), 'pong', Object(Swoole\WebSocket\Frame))
#2 [internal function]: EasySwoole\EasySwoole\EasySwooleEvent::EasySwoole\EasySwoole\{closure}(Object(Swoole\WebSocket\Server), Object(Swoole\WebSocket\Frame))
#3 /mnt/hgfs/www/chat/vendor/easyswoole/easyswoole/src/ServerManager.php(114): call_user_func(Object(Closure), Object(Swoole\WebSocket\Server), Object(Swoole\WebSocket\Frame))
#4 {main}
  thrown at file:/mnt/hgfs/www/chat/vendor/easyswoole/socket/src/Dispatcher.php line:156]
[2019-08-19 12:01:39][DEBUG][ERROR] : [Uncaught TypeError: Argument 1 passed to EasySwoole\Socket\Dispatcher::getController() must be of the type string, null given, called in /mnt/hgfs/www/chat/vendor/easyswoole/socket/src/Dispatcher.php on line 75 and defined in /mnt/hgfs/www/chat/vendor/easyswoole/socket/src/Dispatcher.php:156
Stack trace:
#0 /mnt/hgfs/www/chat/vendor/easyswoole/socket/src/Dispatcher.php(75): EasySwoole\Socket\Dispatcher->getController(NULL)
#1 /mnt/hgfs/www/chat/EasySwooleEvent.php(59): EasySwoole\Socket\Dispatcher->dispatch(Object(Swoole\WebSocket\Server), 'pong', Object(Swoole\WebSocket\Frame))
#2 [internal function]: EasySwoole\EasySwoole\EasySwooleEvent::EasySwoole\EasySwoole\{closure}(Object(Swoole\WebSocket\Server), Object(Swoole\WebSocket\Frame))
#3 /mnt/hgfs/www/chat/vendor/easyswoole/easyswoole/src/ServerManager.php(114): call_user_func(Object(Closure), Object(Swoole\WebSocket\Server), Object(Swoole\WebSocket\Frame))
#4 {main}
  thrown at file:/mnt/hgfs/www/chat/vendor/easyswoole/socket/src/Dispatcher.php line:156]
[2019-08-19 12:01:45][DEBUG][ERROR] : [Uncaught TypeError: Argument 1 passed to EasySwoole\Socket\Dispatcher::getController() must be of the type string, null given, called in /mnt/hgfs/www/chat/vendor/easyswoole/socket/src/Dispatcher.php on line 75 and defined in /mnt/hgfs/www/chat/vendor/easyswoole/socket/src/Dispatcher.php:156
Stack trace:
#0 /mnt/hgfs/www/chat/vendor/easyswoole/socket/src/Dispatcher.php(75): EasySwoole\Socket\Dispatcher->getController(NULL)
#1 /mnt/hgfs/www/chat/EasySwooleEvent.php(59): EasySwoole\Socket\Dispatcher->dispatch(Object(Swoole\WebSocket\Server), 'pong', Object(Swoole\WebSocket\Frame))
#2 [internal function]: EasySwoole\EasySwoole\EasySwooleEvent::EasySwoole\EasySwoole\{closure}(Object(Swoole\WebSocket\Server), Object(Swoole\WebSocket\Frame))
#3 /mnt/hgfs/www/chat/vendor/easyswoole/easyswoole/src/ServerManager.php(114): call_user_func(Object(Closure), Object(Swoole\WebSocket\Server), Object(Swoole\WebSocket\Frame))
#4 {main}
  thrown at file:/mnt/hgfs/www/chat/vendor/easyswoole/socket/src/Dispatcher.php line:156]
[2019-08-19 12:04:44][DEBUG][ERROR] : [Uncaught TypeError: Argument 1 passed to EasySwoole\Socket\Dispatcher::getController() must be of the type string, null given, called in /mnt/hgfs/www/chat/vendor/easyswoole/socket/src/Dispatcher.php on line 75 and defined in /mnt/hgfs/www/chat/vendor/easyswoole/socket/src/Dispatcher.php:156
Stack trace:
#0 /mnt/hgfs/www/chat/vendor/easyswoole/socket/src/Dispatcher.php(75): EasySwoole\Socket\Dispatcher->getController(NULL)
#1 /mnt/hgfs/www/chat/EasySwooleEvent.php(59): EasySwoole\Socket\Dispatcher->dispatch(Object(Swoole\WebSocket\Server), 'PING', Object(Swoole\WebSocket\Frame))
#2 [internal function]: EasySwoole\EasySwoole\EasySwooleEvent::EasySwoole\EasySwoole\{closure}(Object(Swoole\WebSocket\Server), Object(Swoole\WebSocket\Frame))
#3 /mnt/hgfs/www/chat/vendor/easyswoole/easyswoole/src/ServerManager.php(114): call_user_func(Object(Closure), Object(Swoole\WebSocket\Server), Object(Swoole\WebSocket\Frame))
#4 {main}
  thrown at file:/mnt/hgfs/www/chat/vendor/easyswoole/socket/src/Dispatcher.php line:156]
[2019-08-19 14:15:48][DEBUG][NOTICE] : [Undefined index: chatType at file:/mnt/hgfs/www/chat/App/WebSocket/Controller/Chat.php line:152]
[2019-08-19 14:15:48][DEBUG][NOTICE] : [Undefined index: chatType at file:/mnt/hgfs/www/chat/App/WebSocket/Controller/Chat.php line:153]
[2019-08-19 14:15:48][DEBUG][ERROR] : [Uncaught Error: Cannot use object of type App\Service\Bean\UserBean as array in /mnt/hgfs/www/chat/App/WebSocket/Controller/Chat.php:173
Stack trace:
#0 /mnt/hgfs/www/chat/App/WebSocket/Controller/Chat.php(51): App\WebSocket\Controller\Chat->ServiceMsg(Array)
#1 /mnt/hgfs/www/chat/vendor/easyswoole/socket/src/AbstractInterface/Controller.php(124): App\WebSocket\Controller\Chat->sendMsg()
#2 /mnt/hgfs/www/chat/vendor/easyswoole/socket/src/Dispatcher.php(82): EasySwoole\Socket\AbstractInterface\Controller->__hook(Object(Swoole\WebSocket\Server), Object(EasySwoole\Socket\Config), Object(EasySwoole\Socket\Bean\Caller), Object(EasySwoole\Socket\Bean\Response))
#3 /mnt/hgfs/www/chat/EasySwooleEvent.php(59): EasySwoole\Socket\Dispatcher->dispatch(Object(Swoole\WebSocket\Server), '{"class":"chat"...', Object(Swoole\WebSocket\Frame))
#4 [internal function]: EasySwoole\EasySwoole\EasySwooleEvent::EasySwoole\EasySwoole\{closure}(Object(Swoole\WebSocket\Server), Object(Swoole\WebSocket\Frame))
#5 /mnt/hgfs/www/chat/vendo at file:/mnt/hgfs/www/chat/App/WebSocket/Controller/Chat.php line:173]
[2019-08-19 14:19:00][DEBUG][ERROR] : [Uncaught TypeError: Argument 1 passed to App\WebSocket\RelationMap::getFdListByUid() must be of the type integer, null given, called in /mnt/hgfs/www/chat/App/WebSocket/Controller/Chat.php on line 191 and defined in /mnt/hgfs/www/chat/App/WebSocket/RelationMap.php:59
Stack trace:
#0 /mnt/hgfs/www/chat/App/WebSocket/Controller/Chat.php(191): App\WebSocket\RelationMap::getFdListByUid(NULL)
#1 /mnt/hgfs/www/chat/App/WebSocket/Controller/Chat.php(51): App\WebSocket\Controller\Chat->ServiceMsg(Array)
#2 /mnt/hgfs/www/chat/vendor/easyswoole/socket/src/AbstractInterface/Controller.php(124): App\WebSocket\Controller\Chat->sendMsg()
#3 /mnt/hgfs/www/chat/vendor/easyswoole/socket/src/Dispatcher.php(82): EasySwoole\Socket\AbstractInterface\Controller->__hook(Object(Swoole\WebSocket\Server), Object(EasySwoole\Socket\Config), Object(EasySwoole\Socket\Bean\Caller), Object(EasySwoole\Socket\Bean\Response))
#4 /mnt/hgfs/www/chat/EasySwooleEvent.php(59): EasySwoole\Socket\Dispatcher->dispatch(Object(Swoole\WebSocket\Server),  at file:/mnt/hgfs/www/chat/App/WebSocket/RelationMap.php line:59]
[2019-08-19 14:20:54][DEBUG][ERROR] : [Uncaught TypeError: Argument 1 passed to App\WebSocket\RelationMap::getFdListByUid() must be of the type integer, null given, called in /mnt/hgfs/www/chat/App/WebSocket/Controller/Chat.php on line 191 and defined in /mnt/hgfs/www/chat/App/WebSocket/RelationMap.php:59
Stack trace:
#0 /mnt/hgfs/www/chat/App/WebSocket/Controller/Chat.php(191): App\WebSocket\RelationMap::getFdListByUid(NULL)
#1 /mnt/hgfs/www/chat/App/WebSocket/Controller/Chat.php(51): App\WebSocket\Controller\Chat->ServiceMsg(Array)
#2 /mnt/hgfs/www/chat/vendor/easyswoole/socket/src/AbstractInterface/Controller.php(124): App\WebSocket\Controller\Chat->sendMsg()
#3 /mnt/hgfs/www/chat/vendor/easyswoole/socket/src/Dispatcher.php(82): EasySwoole\Socket\AbstractInterface\Controller->__hook(Object(Swoole\WebSocket\Server), Object(EasySwoole\Socket\Config), Object(EasySwoole\Socket\Bean\Caller), Object(EasySwoole\Socket\Bean\Response))
#4 /mnt/hgfs/www/chat/EasySwooleEvent.php(59): EasySwoole\Socket\Dispatcher->dispatch(Object(Swoole\WebSocket\Server),  at file:/mnt/hgfs/www/chat/App/WebSocket/RelationMap.php line:59]
[2019-08-19 14:21:54][DEBUG][ERROR] : [Uncaught TypeError: Argument 1 passed to App\WebSocket\RelationMap::getFdListByUid() must be of the type integer, null given, called in /mnt/hgfs/www/chat/App/WebSocket/Controller/Chat.php on line 191 and defined in /mnt/hgfs/www/chat/App/WebSocket/RelationMap.php:59
Stack trace:
#0 /mnt/hgfs/www/chat/App/WebSocket/Controller/Chat.php(191): App\WebSocket\RelationMap::getFdListByUid(NULL)
#1 /mnt/hgfs/www/chat/App/WebSocket/Controller/Chat.php(51): App\WebSocket\Controller\Chat->ServiceMsg(Array)
#2 /mnt/hgfs/www/chat/vendor/easyswoole/socket/src/AbstractInterface/Controller.php(124): App\WebSocket\Controller\Chat->sendMsg()
#3 /mnt/hgfs/www/chat/vendor/easyswoole/socket/src/Dispatcher.php(82): EasySwoole\Socket\AbstractInterface\Controller->__hook(Object(Swoole\WebSocket\Server), Object(EasySwoole\Socket\Config), Object(EasySwoole\Socket\Bean\Caller), Object(EasySwoole\Socket\Bean\Response))
#4 /mnt/hgfs/www/chat/EasySwooleEvent.php(59): EasySwoole\Socket\Dispatcher->dispatch(Object(Swoole\WebSocket\Server),  at file:/mnt/hgfs/www/chat/App/WebSocket/RelationMap.php line:59]
[2019-08-19 14:22:20][DEBUG][ERROR] : [Uncaught TypeError: Argument 1 passed to App\WebSocket\RelationMap::getFdListByUid() must be of the type integer, null given, called in /mnt/hgfs/www/chat/App/WebSocket/Controller/Chat.php on line 191 and defined in /mnt/hgfs/www/chat/App/WebSocket/RelationMap.php:59
Stack trace:
#0 /mnt/hgfs/www/chat/App/WebSocket/Controller/Chat.php(191): App\WebSocket\RelationMap::getFdListByUid(NULL)
#1 /mnt/hgfs/www/chat/App/WebSocket/Controller/Chat.php(51): App\WebSocket\Controller\Chat->ServiceMsg(Array)
#2 /mnt/hgfs/www/chat/vendor/easyswoole/socket/src/AbstractInterface/Controller.php(124): App\WebSocket\Controller\Chat->sendMsg()
#3 /mnt/hgfs/www/chat/vendor/easyswoole/socket/src/Dispatcher.php(82): EasySwoole\Socket\AbstractInterface\Controller->__hook(Object(Swoole\WebSocket\Server), Object(EasySwoole\Socket\Config), Object(EasySwoole\Socket\Bean\Caller), Object(EasySwoole\Socket\Bean\Response))
#4 /mnt/hgfs/www/chat/EasySwooleEvent.php(59): EasySwoole\Socket\Dispatcher->dispatch(Object(Swoole\WebSocket\Server),  at file:/mnt/hgfs/www/chat/App/WebSocket/RelationMap.php line:59]
[2019-08-19 14:38:37][DEBUG][ERROR] : [Uncaught TypeError: Argument 1 passed to App\WebSocket\RelationMap::getFdListByUid() must be of the type integer, null given, called in /mnt/hgfs/www/chat/App/WebSocket/Controller/Chat.php on line 188 and defined in /mnt/hgfs/www/chat/App/WebSocket/RelationMap.php:59
Stack trace:
#0 /mnt/hgfs/www/chat/App/WebSocket/Controller/Chat.php(188): App\WebSocket\RelationMap::getFdListByUid(NULL)
#1 /mnt/hgfs/www/chat/App/WebSocket/Controller/Chat.php(51): App\WebSocket\Controller\Chat->ServiceMsg(Array)
#2 /mnt/hgfs/www/chat/vendor/easyswoole/socket/src/AbstractInterface/Controller.php(124): App\WebSocket\Controller\Chat->sendMsg()
#3 /mnt/hgfs/www/chat/vendor/easyswoole/socket/src/Dispatcher.php(82): EasySwoole\Socket\AbstractInterface\Controller->__hook(Object(Swoole\WebSocket\Server), Object(EasySwoole\Socket\Config), Object(EasySwoole\Socket\Bean\Caller), Object(EasySwoole\Socket\Bean\Response))
#4 /mnt/hgfs/www/chat/EasySwooleEvent.php(59): EasySwoole\Socket\Dispatcher->dispatch(Object(Swoole\WebSocket\Server),  at file:/mnt/hgfs/www/chat/App/WebSocket/RelationMap.php line:59]
[2019-08-19 14:41:21][DEBUG][ERROR] : [Uncaught TypeError: Argument 1 passed to App\WebSocket\RelationMap::getFdListByUid() must be of the type integer, null given, called in /mnt/hgfs/www/chat/App/WebSocket/Controller/Chat.php on line 188 and defined in /mnt/hgfs/www/chat/App/WebSocket/RelationMap.php:59
Stack trace:
#0 /mnt/hgfs/www/chat/App/WebSocket/Controller/Chat.php(188): App\WebSocket\RelationMap::getFdListByUid(NULL)
#1 /mnt/hgfs/www/chat/App/WebSocket/Controller/Chat.php(51): App\WebSocket\Controller\Chat->ServiceMsg(Array)
#2 /mnt/hgfs/www/chat/vendor/easyswoole/socket/src/AbstractInterface/Controller.php(124): App\WebSocket\Controller\Chat->sendMsg()
#3 /mnt/hgfs/www/chat/vendor/easyswoole/socket/src/Dispatcher.php(82): EasySwoole\Socket\AbstractInterface\Controller->__hook(Object(Swoole\WebSocket\Server), Object(EasySwoole\Socket\Config), Object(EasySwoole\Socket\Bean\Caller), Object(EasySwoole\Socket\Bean\Response))
#4 /mnt/hgfs/www/chat/EasySwooleEvent.php(59): EasySwoole\Socket\Dispatcher->dispatch(Object(Swoole\WebSocket\Server),  at file:/mnt/hgfs/www/chat/App/WebSocket/RelationMap.php line:59]
[2019-08-19 14:41:45][DEBUG][ERROR] : [Uncaught TypeError: Argument 1 passed to App\WebSocket\RelationMap::getFdListByUid() must be of the type integer, null given, called in /mnt/hgfs/www/chat/App/WebSocket/Controller/Chat.php on line 188 and defined in /mnt/hgfs/www/chat/App/WebSocket/RelationMap.php:59
Stack trace:
#0 /mnt/hgfs/www/chat/App/WebSocket/Controller/Chat.php(188): App\WebSocket\RelationMap::getFdListByUid(NULL)
#1 /mnt/hgfs/www/chat/App/WebSocket/Controller/Chat.php(51): App\WebSocket\Controller\Chat->ServiceMsg(Array)
#2 /mnt/hgfs/www/chat/vendor/easyswoole/socket/src/AbstractInterface/Controller.php(124): App\WebSocket\Controller\Chat->sendMsg()
#3 /mnt/hgfs/www/chat/vendor/easyswoole/socket/src/Dispatcher.php(82): EasySwoole\Socket\AbstractInterface\Controller->__hook(Object(Swoole\WebSocket\Server), Object(EasySwoole\Socket\Config), Object(EasySwoole\Socket\Bean\Caller), Object(EasySwoole\Socket\Bean\Response))
#4 /mnt/hgfs/www/chat/EasySwooleEvent.php(59): EasySwoole\Socket\Dispatcher->dispatch(Object(Swoole\WebSocket\Server),  at file:/mnt/hgfs/www/chat/App/WebSocket/RelationMap.php line:59]
[2019-08-19 14:42:28][DEBUG][ERROR] : [Uncaught TypeError: Argument 1 passed to App\WebSocket\RelationMap::getFdListByUid() must be of the type integer, null given, called in /mnt/hgfs/www/chat/App/WebSocket/Controller/Chat.php on line 188 and defined in /mnt/hgfs/www/chat/App/WebSocket/RelationMap.php:59
Stack trace:
#0 /mnt/hgfs/www/chat/App/WebSocket/Controller/Chat.php(188): App\WebSocket\RelationMap::getFdListByUid(NULL)
#1 /mnt/hgfs/www/chat/App/WebSocket/Controller/Chat.php(51): App\WebSocket\Controller\Chat->ServiceMsg(Array)
#2 /mnt/hgfs/www/chat/vendor/easyswoole/socket/src/AbstractInterface/Controller.php(124): App\WebSocket\Controller\Chat->sendMsg()
#3 /mnt/hgfs/www/chat/vendor/easyswoole/socket/src/Dispatcher.php(82): EasySwoole\Socket\AbstractInterface\Controller->__hook(Object(Swoole\WebSocket\Server), Object(EasySwoole\Socket\Config), Object(EasySwoole\Socket\Bean\Caller), Object(EasySwoole\Socket\Bean\Response))
#4 /mnt/hgfs/www/chat/EasySwooleEvent.php(59): EasySwoole\Socket\Dispatcher->dispatch(Object(Swoole\WebSocket\Server),  at file:/mnt/hgfs/www/chat/App/WebSocket/RelationMap.php line:59]
[2019-08-19 14:43:40][DEBUG][ERROR] : [Uncaught TypeError: Argument 1 passed to App\WebSocket\RelationMap::getFdListByUid() must be of the type integer, null given, called in /mnt/hgfs/www/chat/App/WebSocket/Controller/Chat.php on line 189 and defined in /mnt/hgfs/www/chat/App/WebSocket/RelationMap.php:59
Stack trace:
#0 /mnt/hgfs/www/chat/App/WebSocket/Controller/Chat.php(189): App\WebSocket\RelationMap::getFdListByUid(NULL)
#1 /mnt/hgfs/www/chat/App/WebSocket/Controller/Chat.php(51): App\WebSocket\Controller\Chat->ServiceMsg(Array)
#2 /mnt/hgfs/www/chat/vendor/easyswoole/socket/src/AbstractInterface/Controller.php(124): App\WebSocket\Controller\Chat->sendMsg()
#3 /mnt/hgfs/www/chat/vendor/easyswoole/socket/src/Dispatcher.php(82): EasySwoole\Socket\AbstractInterface\Controller->__hook(Object(Swoole\WebSocket\Server), Object(EasySwoole\Socket\Config), Object(EasySwoole\Socket\Bean\Caller), Object(EasySwoole\Socket\Bean\Response))
#4 /mnt/hgfs/www/chat/EasySwooleEvent.php(59): EasySwoole\Socket\Dispatcher->dispatch(Object(Swoole\WebSocket\Server),  at file:/mnt/hgfs/www/chat/App/WebSocket/RelationMap.php line:59]
[2019-08-19 17:13:53][DEBUG][ERROR] : [Return value of EasySwoole\Http\AbstractInterface\Controller::request() must be an instance of EasySwoole\Http\Request, null returned at file:/mnt/hgfs/www/chat/vendor/easyswoole/http/src/AbstractInterface/Controller.php line:124]
[2019-08-19 17:16:42][DEBUG][ERROR] : [Return value of EasySwoole\Http\AbstractInterface\Controller::request() must be an instance of EasySwoole\Http\Request, null returned at file:/mnt/hgfs/www/chat/vendor/easyswoole/http/src/AbstractInterface/Controller.php line:124]
[2019-08-19 17:17:38][DEBUG][ERROR] : [Return value of EasySwoole\Http\AbstractInterface\Controller::request() must be an instance of EasySwoole\Http\Request, null returned at file:/mnt/hgfs/www/chat/vendor/easyswoole/http/src/AbstractInterface/Controller.php line:124]
[2019-08-19 17:17:55][DEBUG][ERROR] : [Return value of EasySwoole\Http\AbstractInterface\Controller::request() must be an instance of EasySwoole\Http\Request, null returned at file:/mnt/hgfs/www/chat/vendor/easyswoole/http/src/AbstractInterface/Controller.php line:124]
[2019-08-19 17:18:44][DEBUG][ERROR] : [Return value of EasySwoole\Http\AbstractInterface\Controller::request() must be an instance of EasySwoole\Http\Request, null returned at file:/mnt/hgfs/www/chat/vendor/easyswoole/http/src/AbstractInterface/Controller.php line:124]
[2019-08-19 17:19:10][DEBUG][ERROR] : [Return value of EasySwoole\Http\AbstractInterface\Controller::request() must be an instance of EasySwoole\Http\Request, null returned at file:/mnt/hgfs/www/chat/vendor/easyswoole/http/src/AbstractInterface/Controller.php line:124]
[2019-08-19 17:19:32][DEBUG][ERROR] : [Return value of EasySwoole\Http\AbstractInterface\Controller::request() must be an instance of EasySwoole\Http\Request, null returned at file:/mnt/hgfs/www/chat/vendor/easyswoole/http/src/AbstractInterface/Controller.php line:124]
[2019-08-19 17:20:19][DEBUG][ERROR] : [Return value of EasySwoole\Http\AbstractInterface\Controller::request() must be an instance of EasySwoole\Http\Request, null returned at file:/mnt/hgfs/www/chat/vendor/easyswoole/http/src/AbstractInterface/Controller.php line:124]
[2019-08-19 17:20:42][DEBUG][ERROR] : [Return value of EasySwoole\Http\AbstractInterface\Controller::request() must be an instance of EasySwoole\Http\Request, null returned at file:/mnt/hgfs/www/chat/vendor/easyswoole/http/src/AbstractInterface/Controller.php line:124]
[2019-08-19 17:24:35][DEBUG][NOTICE] : [Undefined offset: 1 at file:/mnt/hgfs/www/chat/App/HttpController/User.php line:24]
[2019-08-19 17:24:56][DEBUG][NOTICE] : [Undefined offset: 1 at file:/mnt/hgfs/www/chat/App/HttpController/User.php line:24]
[2019-08-19 17:25:29][DEBUG][WARNING] : [explode() expects parameter 2 to be string, array given at file:/mnt/hgfs/www/chat/App/HttpController/User.php line:24]
[2019-08-19 17:30:08][DEBUG][NOTICE] : [Undefined offset: 0 at file:/mnt/hgfs/www/chat/App/HttpController/User.php line:24]
[2019-08-19 17:30:08][DEBUG][NOTICE] : [Undefined offset: 1 at file:/mnt/hgfs/www/chat/App/HttpController/User.php line:24]
[2019-08-19 17:30:15][DEBUG][NOTICE] : [Undefined offset: 0 at file:/mnt/hgfs/www/chat/App/HttpController/User.php line:24]
[2019-08-19 17:30:15][DEBUG][NOTICE] : [Undefined offset: 1 at file:/mnt/hgfs/www/chat/App/HttpController/User.php line:24]
[2019-08-19 17:30:27][DEBUG][NOTICE] : [Undefined offset: 0 at file:/mnt/hgfs/www/chat/App/HttpController/User.php line:24]
[2019-08-19 17:30:27][DEBUG][NOTICE] : [Undefined offset: 1 at file:/mnt/hgfs/www/chat/App/HttpController/User.php line:24]
[2019-08-19 17:30:27][DEBUG][NOTICE] : [Undefined offset: 0 at file:/mnt/hgfs/www/chat/App/HttpController/User.php line:24]
[2019-08-19 17:30:27][DEBUG][NOTICE] : [Undefined offset: 1 at file:/mnt/hgfs/www/chat/App/HttpController/User.php line:24]
[2019-08-22 14:09:25][DEBUG][ERROR] : [Uncaught Swoole\Exception: failed to listen server port[0.0.0.0:9504], Error: Address already in use[98] in /mnt/hgfs/www/swoole_im/vendor/easyswoole/easyswoole/src/ServerManager.php:61
Stack trace:
#0 /mnt/hgfs/www/swoole_im/vendor/easyswoole/easyswoole/src/ServerManager.php(61): Swoole\Server->__construct('0.0.0.0', 9504, 2, 1)
#1 /mnt/hgfs/www/swoole_im/vendor/easyswoole/easyswoole/src/Core.php(115): EasySwoole\EasySwoole\ServerManager->createSwooleServer(9504, 3, '0.0.0.0', Array, 2, 1)
#2 /mnt/hgfs/www/swoole_im/vendor/easyswoole/easyswoole/src/Command/DefaultCommand/Start.php(42): EasySwoole\EasySwoole\Core->createServer()
#3 /mnt/hgfs/www/swoole_im/vendor/easyswoole/easyswoole/src/Command/CommandContainer.php(46): EasySwoole\EasySwoole\Command\DefaultCommand\Start->exec(Array)
#4 /mnt/hgfs/www/swoole_im/vendor/easyswoole/easyswoole/src/Command/CommandRunner.php(50): EasySwoole\EasySwoole\Command\CommandContainer->hook('start', Array)
#5 /mnt/hgfs/www/swoole_im/easyswoole(20): EasySwoole\EasySwoole\Comm at file:/mnt/hgfs/www/swoole_im/vendor/easyswoole/easyswoole/src/ServerManager.php line:61]
[2019-08-23 11:48:34][DEBUG][NOTICE] : [Undefined offset: 1 at file:/mnt/hgfs/www/swoole_im/App/WebSocket/WebSocketEvent.php line:36]
[2019-08-23 11:49:26][DEBUG][NOTICE] : [Undefined offset: 1 at file:/mnt/hgfs/www/swoole_im/App/WebSocket/WebSocketEvent.php line:36]
[2019-08-23 11:50:14][DEBUG][NOTICE] : [Undefined offset: 1 at file:/mnt/hgfs/www/swoole_im/App/WebSocket/WebSocketEvent.php line:36]
[2019-08-23 11:50:55][DEBUG][NOTICE] : [Undefined offset: 1 at file:/mnt/hgfs/www/swoole_im/App/WebSocket/WebSocketEvent.php line:37]
[2019-08-23 11:51:42][DEBUG][ERROR] : [Uncaught TypeError: Argument 1 passed to EasySwoole\Socket\Dispatcher::getController() must be of the type string, null given, called in /mnt/hgfs/www/swoole_im/vendor/easyswoole/socket/src/Dispatcher.php on line 75 and defined in /mnt/hgfs/www/swoole_im/vendor/easyswoole/socket/src/Dispatcher.php:156
Stack trace:
#0 /mnt/hgfs/www/swoole_im/vendor/easyswoole/socket/src/Dispatcher.php(75): EasySwoole\Socket\Dispatcher->getController(NULL)
#1 /mnt/hgfs/www/swoole_im/EasySwooleEvent.php(59): EasySwoole\Socket\Dispatcher->dispatch(Object(Swoole\WebSocket\Server), 'ping', Object(Swoole\WebSocket\Frame))
#2 [internal function]: EasySwoole\EasySwoole\EasySwooleEvent::EasySwoole\EasySwoole\{closure}(Object(Swoole\WebSocket\Server), Object(Swoole\WebSocket\Frame))
#3 /mnt/hgfs/www/swoole_im/vendor/easyswoole/easyswoole/src/ServerManager.php(114): call_user_func(Object(Closure), Object(Swoole\WebSocket\Server), Object(Swoole\WebSocket\Frame))
#4 {main}
  thrown at file:/mnt/hgfs/www/swoole_im/vendor/easyswoole/socket/src/Dispatcher.php line:156]
[2019-08-23 11:52:36][DEBUG][ERROR] : [Uncaught TypeError: Argument 1 passed to EasySwoole\Socket\Dispatcher::getController() must be of the type string, null given, called in /mnt/hgfs/www/swoole_im/vendor/easyswoole/socket/src/Dispatcher.php on line 75 and defined in /mnt/hgfs/www/swoole_im/vendor/easyswoole/socket/src/Dispatcher.php:156
Stack trace:
#0 /mnt/hgfs/www/swoole_im/vendor/easyswoole/socket/src/Dispatcher.php(75): EasySwoole\Socket\Dispatcher->getController(NULL)
#1 /mnt/hgfs/www/swoole_im/EasySwooleEvent.php(59): EasySwoole\Socket\Dispatcher->dispatch(Object(Swoole\WebSocket\Server), 'ping', Object(Swoole\WebSocket\Frame))
#2 [internal function]: EasySwoole\EasySwoole\EasySwooleEvent::EasySwoole\EasySwoole\{closure}(Object(Swoole\WebSocket\Server), Object(Swoole\WebSocket\Frame))
#3 /mnt/hgfs/www/swoole_im/vendor/easyswoole/easyswoole/src/ServerManager.php(114): call_user_func(Object(Closure), Object(Swoole\WebSocket\Server), Object(Swoole\WebSocket\Frame))
#4 {main}
  thrown at file:/mnt/hgfs/www/swoole_im/vendor/easyswoole/socket/src/Dispatcher.php line:156]
[2019-08-23 11:53:05][DEBUG][ERROR] : [Uncaught TypeError: Return value of App\WebSocket\WebSocketParser::decode() must be an instance of EasySwoole\Socket\Bean\Caller or null, boolean returned in /mnt/hgfs/www/swoole_im/App/WebSocket/WebSocketParser.php:31
Stack trace:
#0 /mnt/hgfs/www/swoole_im/vendor/easyswoole/socket/src/Dispatcher.php(63): App\WebSocket\WebSocketParser->decode('ping', Object(EasySwoole\Socket\Client\WebSocket))
#1 /mnt/hgfs/www/swoole_im/EasySwooleEvent.php(59): EasySwoole\Socket\Dispatcher->dispatch(Object(Swoole\WebSocket\Server), 'ping', Object(Swoole\WebSocket\Frame))
#2 [internal function]: EasySwoole\EasySwoole\EasySwooleEvent::EasySwoole\EasySwoole\{closure}(Object(Swoole\WebSocket\Server), Object(Swoole\WebSocket\Frame))
#3 /mnt/hgfs/www/swoole_im/vendor/easyswoole/easyswoole/src/ServerManager.php(114): call_user_func(Object(Closure), Object(Swoole\WebSocket\Server), Object(Swoole\WebSocket\Frame))
#4 {main}
  thrown at file:/mnt/hgfs/www/swoole_im/App/WebSocket/WebSocketParser.php line:31]
[2019-08-23 11:53:34][DEBUG][ERROR] : [Uncaught Exception: aaa in /mnt/hgfs/www/swoole_im/App/WebSocket/WebSocketParser.php:31
Stack trace:
#0 /mnt/hgfs/www/swoole_im/vendor/easyswoole/socket/src/Dispatcher.php(63): App\WebSocket\WebSocketParser->decode('ping', Object(EasySwoole\Socket\Client\WebSocket))
#1 /mnt/hgfs/www/swoole_im/EasySwooleEvent.php(59): EasySwoole\Socket\Dispatcher->dispatch(Object(Swoole\WebSocket\Server), 'ping', Object(Swoole\WebSocket\Frame))
#2 [internal function]: EasySwoole\EasySwoole\EasySwooleEvent::EasySwoole\EasySwoole\{closure}(Object(Swoole\WebSocket\Server), Object(Swoole\WebSocket\Frame))
#3 /mnt/hgfs/www/swoole_im/vendor/easyswoole/easyswoole/src/ServerManager.php(114): call_user_func(Object(Closure), Object(Swoole\WebSocket\Server), Object(Swoole\WebSocket\Frame))
#4 {main}
  thrown at file:/mnt/hgfs/www/swoole_im/App/WebSocket/WebSocketParser.php line:31]
[2019-08-23 11:55:45][DEBUG][ERROR] : [Uncaught Error: Class 'Common' not found in /mnt/hgfs/www/swoole_im/vendor/easyswoole/socket/src/Dispatcher.php:172
Stack trace:
#0 /mnt/hgfs/www/swoole_im/vendor/easyswoole/socket/src/Dispatcher.php(75): EasySwoole\Socket\Dispatcher->getController('Common')
#1 /mnt/hgfs/www/swoole_im/EasySwooleEvent.php(59): EasySwoole\Socket\Dispatcher->dispatch(Object(Swoole\WebSocket\Server), 'ping', Object(Swoole\WebSocket\Frame))
#2 [internal function]: EasySwoole\EasySwoole\EasySwooleEvent::EasySwoole\EasySwoole\{closure}(Object(Swoole\WebSocket\Server), Object(Swoole\WebSocket\Frame))
#3 /mnt/hgfs/www/swoole_im/vendor/easyswoole/easyswoole/src/ServerManager.php(114): call_user_func(Object(Closure), Object(Swoole\WebSocket\Server), Object(Swoole\WebSocket\Frame))
#4 {main}
  thrown at file:/mnt/hgfs/www/swoole_im/vendor/easyswoole/socket/src/Dispatcher.php line:172]
[2019-08-23 19:36:20][DEBUG][NOTICE] : [A non well formed numeric value encountered at file:/mnt/hgfs/www/swoole_im/App/Service/Chat.php line:194]
[2019-08-23 19:36:37][DEBUG][NOTICE] : [A non well formed numeric value encountered at file:/mnt/hgfs/www/swoole_im/App/Service/Chat.php line:194]
[2019-08-26 15:27:01][DEBUG][WARNING] : [array_merge(): Argument #1 is not an array at file:/mnt/hgfs/www/swoole_im/App/WebSocket/RelationMap.php line:198]
[2019-08-26 15:27:01][DEBUG][WARNING] : [array_unique() expects parameter 1 to be array, null given at file:/mnt/hgfs/www/swoole_im/App/WebSocket/RelationMap.php line:198]
[2019-08-26 15:27:04][DEBUG][WARNING] : [array_merge(): Argument #1 is not an array at file:/mnt/hgfs/www/swoole_im/App/WebSocket/RelationMap.php line:198]
[2019-08-26 15:27:04][DEBUG][WARNING] : [array_unique() expects parameter 1 to be array, null given at file:/mnt/hgfs/www/swoole_im/App/WebSocket/RelationMap.php line:198]
[2019-08-26 15:27:04][DEBUG][WARNING] : [array_merge(): Argument #1 is not an array at file:/mnt/hgfs/www/swoole_im/App/WebSocket/RelationMap.php line:198]
[2019-08-26 15:27:04][DEBUG][WARNING] : [array_unique() expects parameter 1 to be array, null given at file:/mnt/hgfs/www/swoole_im/App/WebSocket/RelationMap.php line:198]
[2019-08-26 16:00:42][DEBUG][NOTICE] : [Undefined offset: 1 at file:/mnt/hgfs/www/swoole_im/App/HttpController/User.php line:26]
[2019-08-26 16:40:01][DEBUG][NOTICE] : [Undefined offset: 1 at file:/mnt/hgfs/www/swoole_im/App/HttpController/User.php line:26]
[2019-08-26 16:41:00][DEBUG][NOTICE] : [Undefined offset: 1 at file:/mnt/hgfs/www/swoole_im/App/HttpController/User.php line:26]
