[2019-08-14 15:54:04 *11734.0]	NOTICE	swFactoryProcess_finish (ERRNO 1004): send 189 byte failed, because connection[fd=10] is closed
[2019-08-16 11:44:05 *3515.0]	WARNING	swSignalfd_onSignal (ERRNO 707): Unable to find callback function for signal Hangup: 1
[2019-08-16 11:44:05 *3515.0]	WARNING	swSignalfd_onSignal (ERRNO 707): Unable to find callback function for signal Hangup: 1
[2019-08-16 11:44:05 $3512.0]	WARNING	swSignal_callback (ERRNO 707): Unable to find callback function for signal Hangup: 1
[2019-08-16 11:44:05 $3512.0]	WARNING	swSignal_callback (ERRNO 707): Unable to find callback function for signal Hangup: 1
[2019-08-16 11:44:05 #3511.1]	WARNING	swSignalfd_onSignal (ERRNO 707): Unable to find callback function for signal Hangup: 1
[2019-08-16 11:44:05 ^3514.1]	WARNING	swSignalfd_onSignal (ERRNO 707): Unable to find callback function for signal Hangup: 1
[2019-08-16 17:33:49 #3511.1]	INFO	Server is shutdown now
[2019-08-16 17:33:53 *3515.0]	WARNING	swWorker_reactor_is_empty (ERRNO 9012): worker exit timeout, forced to terminate
[2019-08-16 17:35:22 *29078.0]	ERROR	php_swoole_server_rshutdown (ERRNO 503): Fatal error: Uncaught TypeError: Argument 1 passed to EasySwoole\Socket\Dispatcher::getController() must be of the type string, null given, called in /mnt/hgfs/www/chat/vendor/easyswoole/socket/src/Dispatcher.php on line 75 and defined in /mnt/hgfs/www/chat/vendor/easyswoole/socket/src/Dispatcher.php:156
Stack trace:
#0 /mnt/hgfs/www/chat/vendor/easyswoole/socket/src/Dispatcher.php(75): EasySwoole\Socket\Dispatcher->getController(NULL)
#1 /mnt/hgfs/www/chat/EasySwooleEvent.php(59): EasySwoole\Socket\Dispatcher->dispatch(Object(Swoole\WebSocket\Server), '{"class":"servi...', Object(Swoole\WebSocket\Frame))
#2 [internal function]: EasySwoole\EasySwoole\EasySwooleEvent::EasySwoole\EasySwoole\{closure}(Object(Swoole\WebSocket\Server), Object(Swoole\WebSocket\Frame))
#3 /mnt/hgfs/www/chat/vendor/easyswoole/easyswoole/src/ServerManager.php(114): call_user_func(Object(Closure), Object(Swoole\WebSocket\Server), Object(Swoole\WebSocket\Frame))
#4 {main}
  thrown in /mnt/hgfs/www/chat/vendor/easyswoole/socket/src/Dispatcher.php on line 156
[2019-08-16 17:35:22 $29075.0]	WARNING	swManager_check_exit_status: worker#0[pid=29078] abnormal exit, status=255, signal=0
[2019-08-16 17:36:00 *29159.0]	ERROR	php_swoole_server_rshutdown (ERRNO 503): Fatal error: Uncaught TypeError: Argument 1 passed to EasySwoole\Socket\Dispatcher::getController() must be of the type string, null given, called in /mnt/hgfs/www/chat/vendor/easyswoole/socket/src/Dispatcher.php on line 75 and defined in /mnt/hgfs/www/chat/vendor/easyswoole/socket/src/Dispatcher.php:156
Stack trace:
#0 /mnt/hgfs/www/chat/vendor/easyswoole/socket/src/Dispatcher.php(75): EasySwoole\Socket\Dispatcher->getController(NULL)
#1 /mnt/hgfs/www/chat/EasySwooleEvent.php(59): EasySwoole\Socket\Dispatcher->dispatch(Object(Swoole\WebSocket\Server), '{"class":"servi...', Object(Swoole\WebSocket\Frame))
#2 [internal function]: EasySwoole\EasySwoole\EasySwooleEvent::EasySwoole\EasySwoole\{closure}(Object(Swoole\WebSocket\Server), Object(Swoole\WebSocket\Frame))
#3 /mnt/hgfs/www/chat/vendor/easyswoole/easyswoole/src/ServerManager.php(114): call_user_func(Object(Closure), Object(Swoole\WebSocket\Server), Object(Swoole\WebSocket\Frame))
#4 {main}
  thrown in /mnt/hgfs/www/chat/vendor/easyswoole/socket/src/Dispatcher.php on line 156
[2019-08-16 17:36:00 $29075.0]	WARNING	swManager_check_exit_status: worker#0[pid=29159] abnormal exit, status=255, signal=0
[2019-08-16 17:37:01 *29160.0]	ERROR	php_swoole_server_rshutdown (ERRNO 503): Fatal error: Uncaught TypeError: Argument 1 passed to EasySwoole\Socket\Dispatcher::getController() must be of the type string, null given, called in /mnt/hgfs/www/chat/vendor/easyswoole/socket/src/Dispatcher.php on line 75 and defined in /mnt/hgfs/www/chat/vendor/easyswoole/socket/src/Dispatcher.php:156
Stack trace:
#0 /mnt/hgfs/www/chat/vendor/easyswoole/socket/src/Dispatcher.php(75): EasySwoole\Socket\Dispatcher->getController(NULL)
#1 /mnt/hgfs/www/chat/EasySwooleEvent.php(59): EasySwoole\Socket\Dispatcher->dispatch(Object(Swoole\WebSocket\Server), '{"class":"servi...', Object(Swoole\WebSocket\Frame))
#2 [internal function]: EasySwoole\EasySwoole\EasySwooleEvent::EasySwoole\EasySwoole\{closure}(Object(Swoole\WebSocket\Server), Object(Swoole\WebSocket\Frame))
#3 /mnt/hgfs/www/chat/vendor/easyswoole/easyswoole/src/ServerManager.php(114): call_user_func(Object(Closure), Object(Swoole\WebSocket\Server), Object(Swoole\WebSocket\Frame))
#4 {main}
  thrown in /mnt/hgfs/www/chat/vendor/easyswoole/socket/src/Dispatcher.php on line 156
[2019-08-16 17:37:01 $29075.0]	WARNING	swManager_check_exit_status: worker#0[pid=29160] abnormal exit, status=255, signal=0
[2019-08-16 18:04:38 *29204.0]	ERROR	php_swoole_server_rshutdown (ERRNO 503): Fatal error: Uncaught EasySwoole\Mysqli\Exceptions\PrepareQueryFail: SQLSTATE[42S22] [1054] Unknown column 'unread_num' in 'field list' query: UPDATE bs_chat SET `last_uid` = ?, `last_msg` = ?, `last_time` = ?, `chat_type` = ?, `msg_type` = ?, `is_del` = ?, `unread_num` = unread_num+1 WHERE  chat_id = ?  AND uid = ?  in /mnt/hgfs/www/chat/vendor/easyswoole/mysqli/src/Mysqli.php:1574
Stack trace:
#0 /mnt/hgfs/www/chat/vendor/easyswoole/mysqli/src/Mysqli.php(1118): EasySwoole\Mysqli\Mysqli->prepareQuery()
#1 /mnt/hgfs/www/chat/vendor/easyswoole/mysqli/src/Mysqli.php(902): EasySwoole\Mysqli\Mysqli->buildQuery(NULL, Array)
#2 /mnt/hgfs/www/chat/App/Service/Chat.php(153): EasySwoole\Mysqli\Mysqli->update('bs_chat', Array)
#3 /mnt/hgfs/www/chat/App/WebSocket/Controller/Chat.php(113): App\Service\Chat->updateChat(Array)
#4 /mnt/hgfs/www/chat/App/WebSocket/Controller/Chat.php(42): App\WebSocket\Controller\Chat->singleMsg(Array)
#5 /mnt/hgfs/www/chat/vendor/easyswoole/socket/src/AbstractInterface/Controller.php(124): App\WebSocket in /mnt/hgfs/www/chat/vendor/easyswoole/mysqli/src/Mysqli.php on line 1574
[2019-08-16 18:04:38 $29201.0]	WARNING	swManager_check_exit_status: worker#0[pid=29204] abnormal exit, status=255, signal=0
[2019-08-16 19:15:27 *29286.0]	WARNING	swSignalfd_onSignal (ERRNO 707): Unable to find callback function for signal Hangup: 1
[2019-08-16 19:15:27 *29286.0]	WARNING	swSignalfd_onSignal (ERRNO 707): Unable to find callback function for signal Hangup: 1
[2019-08-16 19:15:27 #29282.1]	WARNING	swSignalfd_onSignal (ERRNO 707): Unable to find callback function for signal Hangup: 1
[2019-08-16 19:15:27 #29282.1]	WARNING	swSignalfd_onSignal (ERRNO 707): Unable to find callback function for signal Hangup: 1
[2019-08-16 19:15:27 ^29285.1]	WARNING	swSignalfd_onSignal (ERRNO 707): Unable to find callback function for signal Hangup: 1
[2019-08-16 19:15:27 $29283.0]	WARNING	swSignal_callback (ERRNO 707): Unable to find callback function for signal Hangup: 1
[2019-08-19 11:01:01 #29282.1]	INFO	Server is shutdown now
[2019-08-19 11:01:06 *29286.0]	WARNING	swWorker_reactor_is_empty (ERRNO 9012): worker exit timeout, forced to terminate
[2019-08-19 12:01:19 *30432.0]	ERROR	php_swoole_server_rshutdown (ERRNO 503): Fatal error: Uncaught TypeError: Argument 1 passed to EasySwoole\Socket\Dispatcher::getController() must be of the type string, null given, called in /mnt/hgfs/www/chat/vendor/easyswoole/socket/src/Dispatcher.php on line 75 and defined in /mnt/hgfs/www/chat/vendor/easyswoole/socket/src/Dispatcher.php:156
Stack trace:
#0 /mnt/hgfs/www/chat/vendor/easyswoole/socket/src/Dispatcher.php(75): EasySwoole\Socket\Dispatcher->getController(NULL)
#1 /mnt/hgfs/www/chat/EasySwooleEvent.php(59): EasySwoole\Socket\Dispatcher->dispatch(Object(Swoole\WebSocket\Server), 'pong', Object(Swoole\WebSocket\Frame))
#2 [internal function]: EasySwoole\EasySwoole\EasySwooleEvent::EasySwoole\EasySwoole\{closure}(Object(Swoole\WebSocket\Server), Object(Swoole\WebSocket\Frame))
#3 /mnt/hgfs/www/chat/vendor/easyswoole/easyswoole/src/ServerManager.php(114): call_user_func(Object(Closure), Object(Swoole\WebSocket\Server), Object(Swoole\WebSocket\Frame))
#4 {main}
  thrown in /mnt/hgfs/www/chat/vendor/easyswoole/socket/src/Dispatcher.php on line 156
[2019-08-19 12:01:19 $30429.0]	WARNING	swManager_check_exit_status: worker#0[pid=30432] abnormal exit, status=255, signal=0
[2019-08-19 12:01:27 *30472.0]	ERROR	php_swoole_server_rshutdown (ERRNO 503): Fatal error: Uncaught TypeError: Argument 1 passed to EasySwoole\Socket\Dispatcher::getController() must be of the type string, null given, called in /mnt/hgfs/www/chat/vendor/easyswoole/socket/src/Dispatcher.php on line 75 and defined in /mnt/hgfs/www/chat/vendor/easyswoole/socket/src/Dispatcher.php:156
Stack trace:
#0 /mnt/hgfs/www/chat/vendor/easyswoole/socket/src/Dispatcher.php(75): EasySwoole\Socket\Dispatcher->getController(NULL)
#1 /mnt/hgfs/www/chat/EasySwooleEvent.php(59): EasySwoole\Socket\Dispatcher->dispatch(Object(Swoole\WebSocket\Server), 'pong', Object(Swoole\WebSocket\Frame))
#2 [internal function]: EasySwoole\EasySwoole\EasySwooleEvent::EasySwoole\EasySwoole\{closure}(Object(Swoole\WebSocket\Server), Object(Swoole\WebSocket\Frame))
#3 /mnt/hgfs/www/chat/vendor/easyswoole/easyswoole/src/ServerManager.php(114): call_user_func(Object(Closure), Object(Swoole\WebSocket\Server), Object(Swoole\WebSocket\Frame))
#4 {main}
  thrown in /mnt/hgfs/www/chat/vendor/easyswoole/socket/src/Dispatcher.php on line 156
[2019-08-19 12:01:27 $30429.0]	WARNING	swManager_check_exit_status: worker#0[pid=30472] abnormal exit, status=255, signal=0
[2019-08-19 12:01:33 *30474.0]	ERROR	php_swoole_server_rshutdown (ERRNO 503): Fatal error: Uncaught TypeError: Argument 1 passed to EasySwoole\Socket\Dispatcher::getController() must be of the type string, null given, called in /mnt/hgfs/www/chat/vendor/easyswoole/socket/src/Dispatcher.php on line 75 and defined in /mnt/hgfs/www/chat/vendor/easyswoole/socket/src/Dispatcher.php:156
Stack trace:
#0 /mnt/hgfs/www/chat/vendor/easyswoole/socket/src/Dispatcher.php(75): EasySwoole\Socket\Dispatcher->getController(NULL)
#1 /mnt/hgfs/www/chat/EasySwooleEvent.php(59): EasySwoole\Socket\Dispatcher->dispatch(Object(Swoole\WebSocket\Server), 'pong', Object(Swoole\WebSocket\Frame))
#2 [internal function]: EasySwoole\EasySwoole\EasySwooleEvent::EasySwoole\EasySwoole\{closure}(Object(Swoole\WebSocket\Server), Object(Swoole\WebSocket\Frame))
#3 /mnt/hgfs/www/chat/vendor/easyswoole/easyswoole/src/ServerManager.php(114): call_user_func(Object(Closure), Object(Swoole\WebSocket\Server), Object(Swoole\WebSocket\Frame))
#4 {main}
  thrown in /mnt/hgfs/www/chat/vendor/easyswoole/socket/src/Dispatcher.php on line 156
[2019-08-19 12:01:33 $30429.0]	WARNING	swManager_check_exit_status: worker#0[pid=30474] abnormal exit, status=255, signal=0
[2019-08-19 12:01:39 *30475.0]	ERROR	php_swoole_server_rshutdown (ERRNO 503): Fatal error: Uncaught TypeError: Argument 1 passed to EasySwoole\Socket\Dispatcher::getController() must be of the type string, null given, called in /mnt/hgfs/www/chat/vendor/easyswoole/socket/src/Dispatcher.php on line 75 and defined in /mnt/hgfs/www/chat/vendor/easyswoole/socket/src/Dispatcher.php:156
Stack trace:
#0 /mnt/hgfs/www/chat/vendor/easyswoole/socket/src/Dispatcher.php(75): EasySwoole\Socket\Dispatcher->getController(NULL)
#1 /mnt/hgfs/www/chat/EasySwooleEvent.php(59): EasySwoole\Socket\Dispatcher->dispatch(Object(Swoole\WebSocket\Server), 'pong', Object(Swoole\WebSocket\Frame))
#2 [internal function]: EasySwoole\EasySwoole\EasySwooleEvent::EasySwoole\EasySwoole\{closure}(Object(Swoole\WebSocket\Server), Object(Swoole\WebSocket\Frame))
#3 /mnt/hgfs/www/chat/vendor/easyswoole/easyswoole/src/ServerManager.php(114): call_user_func(Object(Closure), Object(Swoole\WebSocket\Server), Object(Swoole\WebSocket\Frame))
#4 {main}
  thrown in /mnt/hgfs/www/chat/vendor/easyswoole/socket/src/Dispatcher.php on line 156
[2019-08-19 12:01:39 $30429.0]	WARNING	swManager_check_exit_status: worker#0[pid=30475] abnormal exit, status=255, signal=0
[2019-08-19 12:01:45 *30476.0]	ERROR	php_swoole_server_rshutdown (ERRNO 503): Fatal error: Uncaught TypeError: Argument 1 passed to EasySwoole\Socket\Dispatcher::getController() must be of the type string, null given, called in /mnt/hgfs/www/chat/vendor/easyswoole/socket/src/Dispatcher.php on line 75 and defined in /mnt/hgfs/www/chat/vendor/easyswoole/socket/src/Dispatcher.php:156
Stack trace:
#0 /mnt/hgfs/www/chat/vendor/easyswoole/socket/src/Dispatcher.php(75): EasySwoole\Socket\Dispatcher->getController(NULL)
#1 /mnt/hgfs/www/chat/EasySwooleEvent.php(59): EasySwoole\Socket\Dispatcher->dispatch(Object(Swoole\WebSocket\Server), 'pong', Object(Swoole\WebSocket\Frame))
#2 [internal function]: EasySwoole\EasySwoole\EasySwooleEvent::EasySwoole\EasySwoole\{closure}(Object(Swoole\WebSocket\Server), Object(Swoole\WebSocket\Frame))
#3 /mnt/hgfs/www/chat/vendor/easyswoole/easyswoole/src/ServerManager.php(114): call_user_func(Object(Closure), Object(Swoole\WebSocket\Server), Object(Swoole\WebSocket\Frame))
#4 {main}
  thrown in /mnt/hgfs/www/chat/vendor/easyswoole/socket/src/Dispatcher.php on line 156
[2019-08-19 12:01:45 $30429.0]	WARNING	swManager_check_exit_status: worker#0[pid=30476] abnormal exit, status=255, signal=0
[2019-08-19 12:04:44 *30477.0]	ERROR	php_swoole_server_rshutdown (ERRNO 503): Fatal error: Uncaught TypeError: Argument 1 passed to EasySwoole\Socket\Dispatcher::getController() must be of the type string, null given, called in /mnt/hgfs/www/chat/vendor/easyswoole/socket/src/Dispatcher.php on line 75 and defined in /mnt/hgfs/www/chat/vendor/easyswoole/socket/src/Dispatcher.php:156
Stack trace:
#0 /mnt/hgfs/www/chat/vendor/easyswoole/socket/src/Dispatcher.php(75): EasySwoole\Socket\Dispatcher->getController(NULL)
#1 /mnt/hgfs/www/chat/EasySwooleEvent.php(59): EasySwoole\Socket\Dispatcher->dispatch(Object(Swoole\WebSocket\Server), 'PING', Object(Swoole\WebSocket\Frame))
#2 [internal function]: EasySwoole\EasySwoole\EasySwooleEvent::EasySwoole\EasySwoole\{closure}(Object(Swoole\WebSocket\Server), Object(Swoole\WebSocket\Frame))
#3 /mnt/hgfs/www/chat/vendor/easyswoole/easyswoole/src/ServerManager.php(114): call_user_func(Object(Closure), Object(Swoole\WebSocket\Server), Object(Swoole\WebSocket\Frame))
#4 {main}
  thrown in /mnt/hgfs/www/chat/vendor/easyswoole/socket/src/Dispatcher.php on line 156
[2019-08-19 12:04:44 $30429.0]	WARNING	swManager_check_exit_status: worker#0[pid=30477] abnormal exit, status=255, signal=0
[2019-08-19 14:05:15 #30480.1]	INFO	Server is shutdown now
[2019-08-19 14:05:19 *30484.0]	WARNING	swWorker_reactor_is_empty (ERRNO 9012): worker exit timeout, forced to terminate
[2019-08-19 14:15:48 *30661.0]	ERROR	php_swoole_server_rshutdown (ERRNO 503): Fatal error: Uncaught Error: Cannot use object of type App\Service\Bean\UserBean as array in /mnt/hgfs/www/chat/App/WebSocket/Controller/Chat.php:173
Stack trace:
#0 /mnt/hgfs/www/chat/App/WebSocket/Controller/Chat.php(51): App\WebSocket\Controller\Chat->ServiceMsg(Array)
#1 /mnt/hgfs/www/chat/vendor/easyswoole/socket/src/AbstractInterface/Controller.php(124): App\WebSocket\Controller\Chat->sendMsg()
#2 /mnt/hgfs/www/chat/vendor/easyswoole/socket/src/Dispatcher.php(82): EasySwoole\Socket\AbstractInterface\Controller->__hook(Object(Swoole\WebSocket\Server), Object(EasySwoole\Socket\Config), Object(EasySwoole\Socket\Bean\Caller), Object(EasySwoole\Socket\Bean\Response))
#3 /mnt/hgfs/www/chat/EasySwooleEvent.php(59): EasySwoole\Socket\Dispatcher->dispatch(Object(Swoole\WebSocket\Server), '{"class":"chat"...', Object(Swoole\WebSocket\Frame))
#4 [internal function]: EasySwoole\EasySwoole\EasySwooleEvent::EasySwoole\EasySwoole\{closure}(Object(Swoole\WebSocket\Server), Object(Swoole\WebSocket\Frame))
#5 /mnt/hgfs/www/chat/vendo in /mnt/hgfs/www/chat/App/WebSocket/Controller/Chat.php on line 173
[2019-08-19 14:15:48 $30658.0]	WARNING	swManager_check_exit_status: worker#0[pid=30661] abnormal exit, status=255, signal=0
[2019-08-19 14:19:00 *30670.0]	ERROR	php_swoole_server_rshutdown (ERRNO 503): Fatal error: Uncaught TypeError: Argument 1 passed to App\WebSocket\RelationMap::getFdListByUid() must be of the type integer, null given, called in /mnt/hgfs/www/chat/App/WebSocket/Controller/Chat.php on line 191 and defined in /mnt/hgfs/www/chat/App/WebSocket/RelationMap.php:59
Stack trace:
#0 /mnt/hgfs/www/chat/App/WebSocket/Controller/Chat.php(191): App\WebSocket\RelationMap::getFdListByUid(NULL)
#1 /mnt/hgfs/www/chat/App/WebSocket/Controller/Chat.php(51): App\WebSocket\Controller\Chat->ServiceMsg(Array)
#2 /mnt/hgfs/www/chat/vendor/easyswoole/socket/src/AbstractInterface/Controller.php(124): App\WebSocket\Controller\Chat->sendMsg()
#3 /mnt/hgfs/www/chat/vendor/easyswoole/socket/src/Dispatcher.php(82): EasySwoole\Socket\AbstractInterface\Controller->__hook(Object(Swoole\WebSocket\Server), Object(EasySwoole\Socket\Config), Object(EasySwoole\Socket\Bean\Caller), Object(EasySwoole\Socket\Bean\Response))
#4 /mnt/hgfs/www/chat/EasySwooleEvent.php(59): EasySwoole\Socket\Dispatcher->dispatch(Object(Swoole\WebSocket\Server),  in /mnt/hgfs/www/chat/App/WebSocket/RelationMap.php on line 59
[2019-08-19 14:19:00 $30667.0]	WARNING	swManager_check_exit_status: worker#0[pid=30670] abnormal exit, status=255, signal=0
[2019-08-19 14:20:54 *30677.0]	ERROR	php_swoole_server_rshutdown (ERRNO 503): Fatal error: Uncaught TypeError: Argument 1 passed to App\WebSocket\RelationMap::getFdListByUid() must be of the type integer, null given, called in /mnt/hgfs/www/chat/App/WebSocket/Controller/Chat.php on line 191 and defined in /mnt/hgfs/www/chat/App/WebSocket/RelationMap.php:59
Stack trace:
#0 /mnt/hgfs/www/chat/App/WebSocket/Controller/Chat.php(191): App\WebSocket\RelationMap::getFdListByUid(NULL)
#1 /mnt/hgfs/www/chat/App/WebSocket/Controller/Chat.php(51): App\WebSocket\Controller\Chat->ServiceMsg(Array)
#2 /mnt/hgfs/www/chat/vendor/easyswoole/socket/src/AbstractInterface/Controller.php(124): App\WebSocket\Controller\Chat->sendMsg()
#3 /mnt/hgfs/www/chat/vendor/easyswoole/socket/src/Dispatcher.php(82): EasySwoole\Socket\AbstractInterface\Controller->__hook(Object(Swoole\WebSocket\Server), Object(EasySwoole\Socket\Config), Object(EasySwoole\Socket\Bean\Caller), Object(EasySwoole\Socket\Bean\Response))
#4 /mnt/hgfs/www/chat/EasySwooleEvent.php(59): EasySwoole\Socket\Dispatcher->dispatch(Object(Swoole\WebSocket\Server),  in /mnt/hgfs/www/chat/App/WebSocket/RelationMap.php on line 59
[2019-08-19 14:20:54 $30674.0]	WARNING	swManager_check_exit_status: worker#0[pid=30677] abnormal exit, status=255, signal=0
[2019-08-19 14:21:54 *30684.0]	ERROR	php_swoole_server_rshutdown (ERRNO 503): Fatal error: Uncaught TypeError: Argument 1 passed to App\WebSocket\RelationMap::getFdListByUid() must be of the type integer, null given, called in /mnt/hgfs/www/chat/App/WebSocket/Controller/Chat.php on line 191 and defined in /mnt/hgfs/www/chat/App/WebSocket/RelationMap.php:59
Stack trace:
#0 /mnt/hgfs/www/chat/App/WebSocket/Controller/Chat.php(191): App\WebSocket\RelationMap::getFdListByUid(NULL)
#1 /mnt/hgfs/www/chat/App/WebSocket/Controller/Chat.php(51): App\WebSocket\Controller\Chat->ServiceMsg(Array)
#2 /mnt/hgfs/www/chat/vendor/easyswoole/socket/src/AbstractInterface/Controller.php(124): App\WebSocket\Controller\Chat->sendMsg()
#3 /mnt/hgfs/www/chat/vendor/easyswoole/socket/src/Dispatcher.php(82): EasySwoole\Socket\AbstractInterface\Controller->__hook(Object(Swoole\WebSocket\Server), Object(EasySwoole\Socket\Config), Object(EasySwoole\Socket\Bean\Caller), Object(EasySwoole\Socket\Bean\Response))
#4 /mnt/hgfs/www/chat/EasySwooleEvent.php(59): EasySwoole\Socket\Dispatcher->dispatch(Object(Swoole\WebSocket\Server),  in /mnt/hgfs/www/chat/App/WebSocket/RelationMap.php on line 59
[2019-08-19 14:21:54 $30681.0]	WARNING	swManager_check_exit_status: worker#0[pid=30684] abnormal exit, status=255, signal=0
[2019-08-19 14:22:20 *30690.0]	ERROR	php_swoole_server_rshutdown (ERRNO 503): Fatal error: Uncaught TypeError: Argument 1 passed to App\WebSocket\RelationMap::getFdListByUid() must be of the type integer, null given, called in /mnt/hgfs/www/chat/App/WebSocket/Controller/Chat.php on line 191 and defined in /mnt/hgfs/www/chat/App/WebSocket/RelationMap.php:59
Stack trace:
#0 /mnt/hgfs/www/chat/App/WebSocket/Controller/Chat.php(191): App\WebSocket\RelationMap::getFdListByUid(NULL)
#1 /mnt/hgfs/www/chat/App/WebSocket/Controller/Chat.php(51): App\WebSocket\Controller\Chat->ServiceMsg(Array)
#2 /mnt/hgfs/www/chat/vendor/easyswoole/socket/src/AbstractInterface/Controller.php(124): App\WebSocket\Controller\Chat->sendMsg()
#3 /mnt/hgfs/www/chat/vendor/easyswoole/socket/src/Dispatcher.php(82): EasySwoole\Socket\AbstractInterface\Controller->__hook(Object(Swoole\WebSocket\Server), Object(EasySwoole\Socket\Config), Object(EasySwoole\Socket\Bean\Caller), Object(EasySwoole\Socket\Bean\Response))
#4 /mnt/hgfs/www/chat/EasySwooleEvent.php(59): EasySwoole\Socket\Dispatcher->dispatch(Object(Swoole\WebSocket\Server),  in /mnt/hgfs/www/chat/App/WebSocket/RelationMap.php on line 59
[2019-08-19 14:22:20 $30687.0]	WARNING	swManager_check_exit_status: worker#0[pid=30690] abnormal exit, status=255, signal=0
[2019-08-19 14:38:37 *30800.0]	ERROR	php_swoole_server_rshutdown (ERRNO 503): Fatal error: Uncaught TypeError: Argument 1 passed to App\WebSocket\RelationMap::getFdListByUid() must be of the type integer, null given, called in /mnt/hgfs/www/chat/App/WebSocket/Controller/Chat.php on line 188 and defined in /mnt/hgfs/www/chat/App/WebSocket/RelationMap.php:59
Stack trace:
#0 /mnt/hgfs/www/chat/App/WebSocket/Controller/Chat.php(188): App\WebSocket\RelationMap::getFdListByUid(NULL)
#1 /mnt/hgfs/www/chat/App/WebSocket/Controller/Chat.php(51): App\WebSocket\Controller\Chat->ServiceMsg(Array)
#2 /mnt/hgfs/www/chat/vendor/easyswoole/socket/src/AbstractInterface/Controller.php(124): App\WebSocket\Controller\Chat->sendMsg()
#3 /mnt/hgfs/www/chat/vendor/easyswoole/socket/src/Dispatcher.php(82): EasySwoole\Socket\AbstractInterface\Controller->__hook(Object(Swoole\WebSocket\Server), Object(EasySwoole\Socket\Config), Object(EasySwoole\Socket\Bean\Caller), Object(EasySwoole\Socket\Bean\Response))
#4 /mnt/hgfs/www/chat/EasySwooleEvent.php(59): EasySwoole\Socket\Dispatcher->dispatch(Object(Swoole\WebSocket\Server),  in /mnt/hgfs/www/chat/App/WebSocket/RelationMap.php on line 59
[2019-08-19 14:38:37 $30797.0]	WARNING	swManager_check_exit_status: worker#0[pid=30800] abnormal exit, status=255, signal=0
[2019-08-19 14:41:21 *30808.0]	ERROR	php_swoole_server_rshutdown (ERRNO 503): Fatal error: Uncaught TypeError: Argument 1 passed to App\WebSocket\RelationMap::getFdListByUid() must be of the type integer, null given, called in /mnt/hgfs/www/chat/App/WebSocket/Controller/Chat.php on line 188 and defined in /mnt/hgfs/www/chat/App/WebSocket/RelationMap.php:59
Stack trace:
#0 /mnt/hgfs/www/chat/App/WebSocket/Controller/Chat.php(188): App\WebSocket\RelationMap::getFdListByUid(NULL)
#1 /mnt/hgfs/www/chat/App/WebSocket/Controller/Chat.php(51): App\WebSocket\Controller\Chat->ServiceMsg(Array)
#2 /mnt/hgfs/www/chat/vendor/easyswoole/socket/src/AbstractInterface/Controller.php(124): App\WebSocket\Controller\Chat->sendMsg()
#3 /mnt/hgfs/www/chat/vendor/easyswoole/socket/src/Dispatcher.php(82): EasySwoole\Socket\AbstractInterface\Controller->__hook(Object(Swoole\WebSocket\Server), Object(EasySwoole\Socket\Config), Object(EasySwoole\Socket\Bean\Caller), Object(EasySwoole\Socket\Bean\Response))
#4 /mnt/hgfs/www/chat/EasySwooleEvent.php(59): EasySwoole\Socket\Dispatcher->dispatch(Object(Swoole\WebSocket\Server),  in /mnt/hgfs/www/chat/App/WebSocket/RelationMap.php on line 59
[2019-08-19 14:41:21 $30805.0]	WARNING	swManager_check_exit_status: worker#0[pid=30808] abnormal exit, status=255, signal=0
[2019-08-19 14:41:45 *30814.0]	ERROR	php_swoole_server_rshutdown (ERRNO 503): Fatal error: Uncaught TypeError: Argument 1 passed to App\WebSocket\RelationMap::getFdListByUid() must be of the type integer, null given, called in /mnt/hgfs/www/chat/App/WebSocket/Controller/Chat.php on line 188 and defined in /mnt/hgfs/www/chat/App/WebSocket/RelationMap.php:59
Stack trace:
#0 /mnt/hgfs/www/chat/App/WebSocket/Controller/Chat.php(188): App\WebSocket\RelationMap::getFdListByUid(NULL)
#1 /mnt/hgfs/www/chat/App/WebSocket/Controller/Chat.php(51): App\WebSocket\Controller\Chat->ServiceMsg(Array)
#2 /mnt/hgfs/www/chat/vendor/easyswoole/socket/src/AbstractInterface/Controller.php(124): App\WebSocket\Controller\Chat->sendMsg()
#3 /mnt/hgfs/www/chat/vendor/easyswoole/socket/src/Dispatcher.php(82): EasySwoole\Socket\AbstractInterface\Controller->__hook(Object(Swoole\WebSocket\Server), Object(EasySwoole\Socket\Config), Object(EasySwoole\Socket\Bean\Caller), Object(EasySwoole\Socket\Bean\Response))
#4 /mnt/hgfs/www/chat/EasySwooleEvent.php(59): EasySwoole\Socket\Dispatcher->dispatch(Object(Swoole\WebSocket\Server),  in /mnt/hgfs/www/chat/App/WebSocket/RelationMap.php on line 59
[2019-08-19 14:41:45 $30811.0]	WARNING	swManager_check_exit_status: worker#0[pid=30814] abnormal exit, status=255, signal=0
[2019-08-19 14:42:28 *30820.0]	ERROR	php_swoole_server_rshutdown (ERRNO 503): Fatal error: Uncaught TypeError: Argument 1 passed to App\WebSocket\RelationMap::getFdListByUid() must be of the type integer, null given, called in /mnt/hgfs/www/chat/App/WebSocket/Controller/Chat.php on line 188 and defined in /mnt/hgfs/www/chat/App/WebSocket/RelationMap.php:59
Stack trace:
#0 /mnt/hgfs/www/chat/App/WebSocket/Controller/Chat.php(188): App\WebSocket\RelationMap::getFdListByUid(NULL)
#1 /mnt/hgfs/www/chat/App/WebSocket/Controller/Chat.php(51): App\WebSocket\Controller\Chat->ServiceMsg(Array)
#2 /mnt/hgfs/www/chat/vendor/easyswoole/socket/src/AbstractInterface/Controller.php(124): App\WebSocket\Controller\Chat->sendMsg()
#3 /mnt/hgfs/www/chat/vendor/easyswoole/socket/src/Dispatcher.php(82): EasySwoole\Socket\AbstractInterface\Controller->__hook(Object(Swoole\WebSocket\Server), Object(EasySwoole\Socket\Config), Object(EasySwoole\Socket\Bean\Caller), Object(EasySwoole\Socket\Bean\Response))
#4 /mnt/hgfs/www/chat/EasySwooleEvent.php(59): EasySwoole\Socket\Dispatcher->dispatch(Object(Swoole\WebSocket\Server),  in /mnt/hgfs/www/chat/App/WebSocket/RelationMap.php on line 59
[2019-08-19 14:42:28 $30817.0]	WARNING	swManager_check_exit_status: worker#0[pid=30820] abnormal exit, status=255, signal=0
[2019-08-19 14:43:40 *30828.0]	ERROR	php_swoole_server_rshutdown (ERRNO 503): Fatal error: Uncaught TypeError: Argument 1 passed to App\WebSocket\RelationMap::getFdListByUid() must be of the type integer, null given, called in /mnt/hgfs/www/chat/App/WebSocket/Controller/Chat.php on line 189 and defined in /mnt/hgfs/www/chat/App/WebSocket/RelationMap.php:59
Stack trace:
#0 /mnt/hgfs/www/chat/App/WebSocket/Controller/Chat.php(189): App\WebSocket\RelationMap::getFdListByUid(NULL)
#1 /mnt/hgfs/www/chat/App/WebSocket/Controller/Chat.php(51): App\WebSocket\Controller\Chat->ServiceMsg(Array)
#2 /mnt/hgfs/www/chat/vendor/easyswoole/socket/src/AbstractInterface/Controller.php(124): App\WebSocket\Controller\Chat->sendMsg()
#3 /mnt/hgfs/www/chat/vendor/easyswoole/socket/src/Dispatcher.php(82): EasySwoole\Socket\AbstractInterface\Controller->__hook(Object(Swoole\WebSocket\Server), Object(EasySwoole\Socket\Config), Object(EasySwoole\Socket\Bean\Caller), Object(EasySwoole\Socket\Bean\Response))
#4 /mnt/hgfs/www/chat/EasySwooleEvent.php(59): EasySwoole\Socket\Dispatcher->dispatch(Object(Swoole\WebSocket\Server),  in /mnt/hgfs/www/chat/App/WebSocket/RelationMap.php on line 59
[2019-08-19 14:43:40 $30825.0]	WARNING	swManager_check_exit_status: worker#0[pid=30828] abnormal exit, status=255, signal=0
[2019-08-20 10:42:16 #31267.1]	INFO	Server is shutdown now
[2019-08-20 10:42:21 *31271.0]	WARNING	swWorker_reactor_is_empty (ERRNO 9012): worker exit timeout, forced to terminate
[2019-08-21 10:24:54 #31737.1]	INFO	Server is shutdown now
[2019-08-21 10:24:59 *31741.0]	WARNING	swWorker_reactor_is_empty (ERRNO 9012): worker exit timeout, forced to terminate
[2019-08-21 14:59:47 #32167.1]	INFO	Server is shutdown now
[2019-08-21 14:59:52 *32171.0]	WARNING	swWorker_reactor_is_empty (ERRNO 9012): worker exit timeout, forced to terminate
[2019-08-22 14:09:34 #32840.1]	INFO	Server is shutdown now
[2019-08-22 14:09:38 *32844.0]	WARNING	swWorker_reactor_is_empty (ERRNO 9012): worker exit timeout, forced to terminate
[2019-08-23 11:10:14 #32914.1]	INFO	Server is shutdown now
[2019-08-23 11:10:19 *32918.0]	WARNING	swWorker_reactor_is_empty (ERRNO 9012): worker exit timeout, forced to terminate
[2019-08-23 11:51:42 *33253.0]	ERROR	php_swoole_server_rshutdown (ERRNO 503): Fatal error: Uncaught TypeError: Argument 1 passed to EasySwoole\Socket\Dispatcher::getController() must be of the type string, null given, called in /mnt/hgfs/www/swoole_im/vendor/easyswoole/socket/src/Dispatcher.php on line 75 and defined in /mnt/hgfs/www/swoole_im/vendor/easyswoole/socket/src/Dispatcher.php:156
Stack trace:
#0 /mnt/hgfs/www/swoole_im/vendor/easyswoole/socket/src/Dispatcher.php(75): EasySwoole\Socket\Dispatcher->getController(NULL)
#1 /mnt/hgfs/www/swoole_im/EasySwooleEvent.php(59): EasySwoole\Socket\Dispatcher->dispatch(Object(Swoole\WebSocket\Server), 'ping', Object(Swoole\WebSocket\Frame))
#2 [internal function]: EasySwoole\EasySwoole\EasySwooleEvent::EasySwoole\EasySwoole\{closure}(Object(Swoole\WebSocket\Server), Object(Swoole\WebSocket\Frame))
#3 /mnt/hgfs/www/swoole_im/vendor/easyswoole/easyswoole/src/ServerManager.php(114): call_user_func(Object(Closure), Object(Swoole\WebSocket\Server), Object(Swoole\WebSocket\Frame))
#4 {main}
  thrown in /mnt/hgfs/www/swoole_im/vendor/easyswoole/socket/src/Dispatcher.php on line 156
[2019-08-23 11:51:42 $33250.0]	WARNING	swManager_check_exit_status: worker#0[pid=33253] abnormal exit, status=255, signal=0
[2019-08-23 11:52:36 *33259.0]	ERROR	php_swoole_server_rshutdown (ERRNO 503): Fatal error: Uncaught TypeError: Argument 1 passed to EasySwoole\Socket\Dispatcher::getController() must be of the type string, null given, called in /mnt/hgfs/www/swoole_im/vendor/easyswoole/socket/src/Dispatcher.php on line 75 and defined in /mnt/hgfs/www/swoole_im/vendor/easyswoole/socket/src/Dispatcher.php:156
Stack trace:
#0 /mnt/hgfs/www/swoole_im/vendor/easyswoole/socket/src/Dispatcher.php(75): EasySwoole\Socket\Dispatcher->getController(NULL)
#1 /mnt/hgfs/www/swoole_im/EasySwooleEvent.php(59): EasySwoole\Socket\Dispatcher->dispatch(Object(Swoole\WebSocket\Server), 'ping', Object(Swoole\WebSocket\Frame))
#2 [internal function]: EasySwoole\EasySwoole\EasySwooleEvent::EasySwoole\EasySwoole\{closure}(Object(Swoole\WebSocket\Server), Object(Swoole\WebSocket\Frame))
#3 /mnt/hgfs/www/swoole_im/vendor/easyswoole/easyswoole/src/ServerManager.php(114): call_user_func(Object(Closure), Object(Swoole\WebSocket\Server), Object(Swoole\WebSocket\Frame))
#4 {main}
  thrown in /mnt/hgfs/www/swoole_im/vendor/easyswoole/socket/src/Dispatcher.php on line 156
[2019-08-23 11:52:36 $33256.0]	WARNING	swManager_check_exit_status: worker#0[pid=33259] abnormal exit, status=255, signal=0
[2019-08-23 11:53:05 *33267.0]	ERROR	php_swoole_server_rshutdown (ERRNO 503): Fatal error: Uncaught TypeError: Return value of App\WebSocket\WebSocketParser::decode() must be an instance of EasySwoole\Socket\Bean\Caller or null, boolean returned in /mnt/hgfs/www/swoole_im/App/WebSocket/WebSocketParser.php:31
Stack trace:
#0 /mnt/hgfs/www/swoole_im/vendor/easyswoole/socket/src/Dispatcher.php(63): App\WebSocket\WebSocketParser->decode('ping', Object(EasySwoole\Socket\Client\WebSocket))
#1 /mnt/hgfs/www/swoole_im/EasySwooleEvent.php(59): EasySwoole\Socket\Dispatcher->dispatch(Object(Swoole\WebSocket\Server), 'ping', Object(Swoole\WebSocket\Frame))
#2 [internal function]: EasySwoole\EasySwoole\EasySwooleEvent::EasySwoole\EasySwoole\{closure}(Object(Swoole\WebSocket\Server), Object(Swoole\WebSocket\Frame))
#3 /mnt/hgfs/www/swoole_im/vendor/easyswoole/easyswoole/src/ServerManager.php(114): call_user_func(Object(Closure), Object(Swoole\WebSocket\Server), Object(Swoole\WebSocket\Frame))
#4 {main}
  thrown in /mnt/hgfs/www/swoole_im/App/WebSocket/WebSocketParser.php on line 31
[2019-08-23 11:53:05 $33264.0]	WARNING	swManager_check_exit_status: worker#0[pid=33267] abnormal exit, status=255, signal=0
[2019-08-23 11:53:34 *33273.0]	ERROR	php_swoole_server_rshutdown (ERRNO 503): Fatal error: Uncaught Exception: aaa in /mnt/hgfs/www/swoole_im/App/WebSocket/WebSocketParser.php:31
Stack trace:
#0 /mnt/hgfs/www/swoole_im/vendor/easyswoole/socket/src/Dispatcher.php(63): App\WebSocket\WebSocketParser->decode('ping', Object(EasySwoole\Socket\Client\WebSocket))
#1 /mnt/hgfs/www/swoole_im/EasySwooleEvent.php(59): EasySwoole\Socket\Dispatcher->dispatch(Object(Swoole\WebSocket\Server), 'ping', Object(Swoole\WebSocket\Frame))
#2 [internal function]: EasySwoole\EasySwoole\EasySwooleEvent::EasySwoole\EasySwoole\{closure}(Object(Swoole\WebSocket\Server), Object(Swoole\WebSocket\Frame))
#3 /mnt/hgfs/www/swoole_im/vendor/easyswoole/easyswoole/src/ServerManager.php(114): call_user_func(Object(Closure), Object(Swoole\WebSocket\Server), Object(Swoole\WebSocket\Frame))
#4 {main}
  thrown in /mnt/hgfs/www/swoole_im/App/WebSocket/WebSocketParser.php on line 31
[2019-08-23 11:53:34 $33270.0]	WARNING	swManager_check_exit_status: worker#0[pid=33273] abnormal exit, status=255, signal=0
[2019-08-23 11:55:45 *33279.0]	ERROR	php_swoole_server_rshutdown (ERRNO 503): Fatal error: Uncaught Error: Class 'Common' not found in /mnt/hgfs/www/swoole_im/vendor/easyswoole/socket/src/Dispatcher.php:172
Stack trace:
#0 /mnt/hgfs/www/swoole_im/vendor/easyswoole/socket/src/Dispatcher.php(75): EasySwoole\Socket\Dispatcher->getController('Common')
#1 /mnt/hgfs/www/swoole_im/EasySwooleEvent.php(59): EasySwoole\Socket\Dispatcher->dispatch(Object(Swoole\WebSocket\Server), 'ping', Object(Swoole\WebSocket\Frame))
#2 [internal function]: EasySwoole\EasySwoole\EasySwooleEvent::EasySwoole\EasySwoole\{closure}(Object(Swoole\WebSocket\Server), Object(Swoole\WebSocket\Frame))
#3 /mnt/hgfs/www/swoole_im/vendor/easyswoole/easyswoole/src/ServerManager.php(114): call_user_func(Object(Closure), Object(Swoole\WebSocket\Server), Object(Swoole\WebSocket\Frame))
#4 {main}
  thrown in /mnt/hgfs/www/swoole_im/vendor/easyswoole/socket/src/Dispatcher.php on line 172
[2019-08-23 11:55:45 $33276.0]	WARNING	swManager_check_exit_status: worker#0[pid=33279] abnormal exit, status=255, signal=0
[2019-08-23 12:13:37 *33307.0]	NOTICE	swFactoryProcess_finish (ERRNO 1004): send 24 byte failed, because connection[fd=1] is closed
[2019-08-23 14:15:25 *33307.0]	NOTICE	swFactoryProcess_finish (ERRNO 1004): send 24 byte failed, because connection[fd=3] is closed
